  Logger.cpp
c:\users\nem' máy\documents\github\chatroom\chatroom\chatroom\logger.h(17): error C2011: 'Logger': 'class' type redefinition
  c:\users\nem' máy\documents\github\chatroom\chatroom\chatroom\logger.h(2): note: see declaration of 'Logger'
c:\users\nem' máy\documents\github\chatroom\chatroom\chatroom\logger.h(25): error C2365: 'log': redefinition; previous definition was 'function'
c:\users\nem' máy\documents\github\chatroom\chatroom\chatroom\logger.cpp(6): error C2027: use of undefined type 'Logger'
  c:\users\nem' máy\documents\github\chatroom\chatroom\chatroom\logger.h(2): note: see declaration of 'Logger'
c:\users\nem' máy\documents\github\chatroom\chatroom\chatroom\logger.cpp(7): error C4430: missing type specifier - int assumed. Note: C++ does not support default-int
c:\users\nem' máy\documents\github\chatroom\chatroom\chatroom\logger.cpp(8): warning C4508: '{ctor}': function should return a value; 'void' return type assumed
c:\users\nem' máy\documents\github\chatroom\chatroom\chatroom\logger.cpp(11): error C2027: use of undefined type 'Logger'
  c:\users\nem' máy\documents\github\chatroom\chatroom\chatroom\logger.h(2): note: see declaration of 'Logger'
c:\users\nem' máy\documents\github\chatroom\chatroom\chatroom\logger.cpp(12): error C4430: missing type specifier - int assumed. Note: C++ does not support default-int
c:\users\nem' máy\documents\github\chatroom\chatroom\chatroom\logger.cpp(13): warning C4508: '{dtor}': function should return a value; 'void' return type assumed
c:\users\nem' máy\documents\github\chatroom\chatroom\chatroom\logger.cpp(15): error C2027: use of undefined type 'Logger'
  c:\users\nem' máy\documents\github\chatroom\chatroom\chatroom\logger.h(2): note: see declaration of 'Logger'
c:\users\nem' máy\documents\github\chatroom\chatroom\chatroom\logger.cpp(16): error C2065: 'f': undeclared identifier
c:\users\nem' máy\documents\github\chatroom\chatroom\chatroom\logger.cpp(17): error C2065: 'f': undeclared identifier
c:\users\nem' máy\documents\github\chatroom\chatroom\chatroom\logger.cpp(20): error C2065: 'f': undeclared identifier
c:\users\nem' máy\documents\github\chatroom\chatroom\chatroom\logger.cpp(21): error C2065: 'f': undeclared identifier
  Server.cpp
c:\users\nem' máy\documents\github\chatroom\chatroom\chatroom\logger.h(17): error C2011: 'Logger': 'class' type redefinition
  c:\users\nem' máy\documents\github\chatroom\chatroom\chatroom\logger.h(2): note: see declaration of 'Logger'
c:\users\nem' máy\documents\github\chatroom\chatroom\chatroom\logger.h(25): error C2365: 'log': redefinition; previous definition was 'function'
c:\users\nem' máy\documents\github\chatroom\chatroom\chatroom\server.cpp(17): error C3867: 'Config::getPortServer': non-standard syntax; use '&' to create a pointer to member
  main.cpp
c:\users\nem' máy\documents\github\chatroom\chatroom\chatroom\logger.h(17): error C2011: 'Logger': 'class' type redefinition
  c:\users\nem' máy\documents\github\chatroom\chatroom\chatroom\logger.h(2): note: see declaration of 'Logger'
c:\users\nem' máy\documents\github\chatroom\chatroom\chatroom\logger.h(25): error C2365: 'log': redefinition; previous definition was 'function'
  Session.cpp
c:\users\nem' máy\documents\github\chatroom\chatroom\chatroom\logger.h(17): error C2011: 'Logger': 'class' type redefinition
  c:\users\nem' máy\documents\github\chatroom\chatroom\chatroom\logger.h(2): note: see declaration of 'Logger'
c:\users\nem' máy\documents\github\chatroom\chatroom\chatroom\logger.h(25): error C2365: 'log': redefinition; previous definition was 'function'
  Generating Code...
